SF:lib\shared\domain\models\either.dart
DA:2,17
DA:3,0
DA:4,0
DA:6,9
DA:7,21
DA:8,24
DA:10,13
DA:11,13
DA:12,12
DA:14,24
DA:17,0
DA:18,0
DA:19,0
DA:25,11
DA:26,12
DA:31,16
DA:32,16
LF:17
LH:12
end_of_record
SF:lib\features\authentication\data\datasource\auth_remote_data_source.dart
DA:12,3
DA:17,1
DA:20,2
DA:22,1
DA:24,1
DA:25,1
DA:26,1
DA:28,1
DA:29,2
DA:31,2
DA:32,0
DA:35,4
DA:37,1
DA:41,1
DA:42,1
DA:45,2
LF:16
LH:15
end_of_record
SF:lib\services\security\secure_storage.dart
DA:18,6
DA:28,0
DA:29,0
DA:31,0
DA:33,0
DA:35,0
DA:36,0
DA:38,0
DA:39,0
DA:46,1
DA:47,2
DA:49,1
DA:51,2
DA:54,1
DA:56,2
DA:59,1
DA:60,2
DA:70,0
LF:18
LH:9
end_of_record
SF:lib\shared\domain\models\response.dart
DA:9,5
DA:14,0
DA:16,0
DA:21,4
LF:4
LH:2
end_of_record
SF:lib\shared\exceptions\http_exception.dart
DA:10,11
DA:15,0
DA:17,0
DA:22,2
DA:25,2
DA:28,2
DA:31,1
DA:32,4
DA:38,4
LF:9
LH:7
end_of_record
SF:lib\features\authentication\domain\models\user_model.dart
DA:8,10
DA:30,8
DA:31,8
DA:32,8
DA:33,8
DA:34,8
DA:35,8
DA:36,8
DA:37,8
DA:38,8
DA:39,8
DA:40,8
DA:45,5
DA:46,5
DA:47,5
DA:48,5
DA:49,5
DA:50,5
DA:51,5
DA:52,5
DA:53,5
DA:58,1
DA:59,3
DA:62,2
DA:73,2
DA:74,2
DA:75,2
DA:76,2
DA:77,2
DA:78,2
DA:79,2
DA:80,2
DA:81,2
DA:82,1
DA:86,2
DA:87,2
DA:88,2
DA:89,2
DA:90,2
DA:91,2
DA:92,2
DA:93,2
DA:94,2
LF:43
LH:43
end_of_record
SF:lib\shared\constants.dart
DA:3,4
LF:1
LH:1
end_of_record
SF:lib\shared\data\remote\dio_network_service.dart
DA:14,6
DA:16,2
DA:17,1
DA:18,1
DA:23,1
DA:26,1
DA:27,1
DA:32,1
DA:34,2
DA:35,1
DA:36,0
DA:41,1
DA:46,1
DA:47,3
DA:53,1
DA:58,1
DA:59,3
LF:17
LH:16
end_of_record
SF:lib\shared\mixins\exception_handler_mixin.dart
DA:14,2
DA:20,2
DA:21,2
DA:22,2
DA:23,2
DA:24,2
DA:25,2
DA:32,6
DA:34,2
DA:37,2
DA:38,2
DA:39,4
DA:40,0
DA:44,4
DA:48,2
DA:50,2
DA:51,2
LF:17
LH:16
end_of_record
SF:lib\core\database\database.g.dart
DA:11,2
DA:14,4
DA:16,2
DA:23,4
DA:25,2
DA:35,4
DA:37,2
DA:47,4
DA:49,2
DA:57,4
DA:59,2
DA:69,4
DA:71,2
DA:79,4
DA:81,2
DA:90,2
DA:91,2
DA:93,2
DA:101,4
DA:103,2
DA:111,4
DA:113,2
DA:123,4
DA:125,2
DA:131,2
DA:132,2
DA:133,2
DA:134,2
DA:135,2
DA:136,2
DA:137,2
DA:138,2
DA:139,2
DA:140,2
DA:141,2
DA:142,2
DA:143,2
DA:145,2
DA:146,4
DA:147,2
DA:150,2
DA:155,2
DA:156,2
DA:157,2
DA:158,8
DA:160,2
DA:161,2
DA:163,6
DA:166,2
DA:167,1
DA:169,2
DA:170,1
DA:175,2
DA:176,1
DA:178,3
DA:181,2
DA:182,1
DA:184,3
DA:187,2
DA:188,2
DA:190,6
DA:193,2
DA:194,1
DA:196,3
DA:199,2
DA:200,1
DA:202,2
DA:203,1
DA:208,2
DA:209,1
DA:211,3
DA:214,2
DA:215,2
DA:217,6
DA:220,2
DA:221,0
DA:223,0
DA:229,2
DA:230,2
DA:231,2
DA:233,0
DA:234,2
DA:235,6
DA:237,4
DA:239,6
DA:241,4
DA:243,6
DA:245,4
DA:247,6
DA:249,4
DA:251,6
DA:253,4
DA:255,6
DA:257,4
DA:259,6
DA:261,4
DA:263,6
DA:265,4
DA:267,6
DA:269,4
DA:271,6
DA:273,4
DA:275,6
DA:277,4
DA:282,0
DA:284,0
DA:301,2
DA:314,0
DA:316,0
DA:317,0
DA:318,0
DA:319,0
DA:320,0
DA:321,0
DA:322,0
DA:323,0
DA:324,0
DA:325,0
DA:326,0
DA:327,0
DA:331,0
DA:332,0
DA:333,0
DA:334,0
DA:335,0
DA:336,0
DA:337,0
DA:338,0
DA:339,0
DA:340,0
DA:341,0
DA:342,0
DA:343,0
DA:347,0
DA:351,0
DA:352,0
DA:353,0
DA:354,0
DA:355,0
DA:356,0
DA:357,0
DA:358,0
DA:359,0
DA:360,0
DA:361,0
DA:363,0
DA:364,0
DA:365,0
DA:368,0
DA:370,0
DA:371,0
DA:372,0
DA:373,0
DA:374,0
DA:375,0
DA:376,0
DA:377,0
DA:378,0
DA:379,0
DA:380,0
DA:381,0
DA:382,0
DA:386,0
DA:398,0
DA:399,0
DA:400,0
DA:401,0
DA:402,0
DA:403,0
DA:404,0
DA:405,0
DA:406,0
DA:407,0
DA:408,0
DA:409,0
DA:411,0
DA:412,0
DA:413,0
DA:414,0
DA:415,0
DA:416,0
DA:417,0
DA:418,0
DA:419,0
DA:420,0
DA:421,0
DA:422,0
DA:423,0
DA:424,0
DA:425,0
DA:426,0
DA:427,0
DA:431,0
DA:433,0
DA:434,0
DA:435,0
DA:436,0
DA:437,0
DA:438,0
DA:439,0
DA:440,0
DA:441,0
DA:442,0
DA:443,0
DA:444,0
DA:445,0
DA:446,0
DA:449,0
DA:450,0
DA:451,0
DA:452,0
DA:453,0
DA:454,0
DA:455,0
DA:456,0
DA:457,0
DA:458,0
DA:459,0
DA:460,0
DA:461,0
DA:463,0
DA:466,0
DA:467,0
DA:468,0
DA:469,0
DA:470,0
DA:471,0
DA:472,0
DA:473,0
DA:474,0
DA:475,0
DA:476,0
DA:477,0
DA:492,0
DA:505,2
DA:518,0
DA:531,0
DA:532,0
DA:533,0
DA:534,0
DA:535,0
DA:536,0
DA:537,0
DA:538,0
DA:539,0
DA:540,0
DA:541,0
DA:542,0
DA:546,0
DA:559,0
DA:560,0
DA:561,0
DA:562,0
DA:563,0
DA:564,0
DA:565,0
DA:566,0
DA:567,0
DA:568,0
DA:569,0
DA:570,0
DA:574,2
DA:576,2
DA:577,4
DA:578,8
DA:580,4
DA:581,8
DA:583,4
DA:584,4
DA:586,4
DA:587,4
DA:589,4
DA:590,4
DA:592,4
DA:593,8
DA:595,4
DA:596,4
DA:598,4
DA:599,4
DA:601,4
DA:602,4
DA:604,4
DA:605,8
DA:607,4
DA:608,0
DA:613,0
DA:615,0
DA:616,0
DA:617,0
DA:618,0
DA:619,0
DA:620,0
DA:621,0
DA:622,0
DA:623,0
DA:624,0
DA:625,0
DA:626,0
DA:627,0
DA:628,0
DA:633,8
DA:634,0
DA:635,4
DA:636,0
DA:638,0
DA:639,2
DA:640,4
DA:674,0
DA:681,0
DA:682,0
DA:683,0
DA:686,0
DA:687,0
DA:688,0
DA:691,0
DA:692,0
DA:693,0
DA:696,0
DA:697,0
DA:698,0
DA:701,0
DA:702,0
DA:703,0
DA:706,0
DA:707,0
DA:708,0
DA:711,0
DA:712,0
DA:713,0
DA:716,0
DA:717,0
DA:718,0
DA:721,0
DA:722,0
DA:723,0
DA:726,0
DA:727,0
DA:728,0
DA:731,0
DA:732,0
DA:733,0
DA:739,0
DA:746,0
DA:747,0
DA:748,0
DA:751,0
DA:752,0
DA:753,0
DA:756,0
DA:757,0
DA:758,0
DA:761,0
DA:762,0
DA:763,0
DA:766,0
DA:767,0
DA:768,0
DA:771,0
DA:772,0
DA:773,0
DA:776,0
DA:777,0
DA:778,0
DA:781,0
DA:782,0
DA:783,0
DA:786,0
DA:787,0
DA:788,0
DA:791,0
DA:792,0
DA:793,0
DA:796,0
DA:797,0
DA:798,0
DA:804,0
DA:811,0
DA:812,0
DA:814,0
DA:815,0
DA:817,0
DA:818,0
DA:819,0
DA:822,0
DA:823,0
DA:825,0
DA:826,0
DA:828,0
DA:829,0
DA:831,0
DA:832,0
DA:834,0
DA:835,0
DA:836,0
DA:839,0
DA:840,0
DA:842,0
DA:843,0
DA:845,0
DA:846,0
DA:867,0
DA:870,0
DA:871,0
DA:874,0
DA:875,0
DA:876,0
DA:877,0
DA:878,0
DA:879,0
DA:881,0
DA:893,0
DA:907,0
DA:919,0
DA:932,0
DA:933,0
DA:934,0
DA:960,0
DA:961,0
DA:962,0
LF:419
LH:130
end_of_record
SF:lib\core\database\database.dart
DA:19,4
DA:21,2
DA:26,2
DA:27,2
DA:28,4
DA:29,0
LF:6
LH:5
end_of_record
SF:lib\core\database\database_connection.dart
DA:12,0
DA:13,0
DA:19,4
DA:20,8
LF:4
LH:2
end_of_record
SF:lib\core\database\tables\products_table.dart
DA:10,0
DA:12,0
DA:13,0
DA:14,0
DA:15,0
DA:16,0
DA:17,0
DA:18,0
DA:19,0
DA:20,0
DA:21,0
DA:22,0
DA:24,0
DA:25,0
LF:14
LH:0
end_of_record
SF:lib\features\authentication\data\repositories\authentication_repository_impl.dart
DA:10,3
DA:12,1
DA:14,2
LF:3
LH:3
end_of_record
SF:lib\services\network\logging_interceptor.dart
DA:11,5
DA:21,1
DA:22,4
DA:25,1
DA:26,4
DA:32,1
DA:33,1
DA:34,1
DA:35,1
DA:39,0
DA:40,0
DA:41,0
DA:46,1
DA:54,1
DA:55,1
DA:56,1
DA:57,2
DA:58,1
DA:59,2
DA:61,1
DA:63,0
DA:69,1
DA:70,2
DA:71,1
DA:72,1
DA:73,2
DA:74,5
DA:77,1
DA:82,2
DA:83,2
DA:84,2
DA:86,0
DA:88,0
DA:89,0
DA:90,0
DA:91,0
DA:92,0
DA:94,0
DA:97,0
DA:99,0
DA:101,0
DA:104,0
DA:105,0
DA:106,0
DA:107,0
DA:108,0
DA:110,0
DA:113,0
DA:115,0
DA:117,0
DA:120,0
DA:121,0
DA:122,0
DA:123,0
DA:125,0
DA:128,0
DA:129,0
DA:130,0
DA:133,0
DA:134,0
DA:135,0
DA:136,0
DA:137,0
DA:138,0
DA:139,0
LF:65
LH:27
end_of_record
SF:lib\services\observability\logger.dart
DA:32,5
DA:33,5
DA:34,5
DA:35,5
DA:38,1
DA:40,2
DA:42,1
DA:44,2
DA:46,1
DA:48,2
DA:50,1
DA:52,2
DA:54,1
DA:56,2
DA:58,1
DA:66,2
DA:70,1
DA:71,1
DA:72,1
DA:73,1
DA:74,1
DA:75,1
DA:76,1
DA:77,1
DA:78,1
DA:79,1
DA:83,1
DA:84,1
DA:89,1
DA:91,1
DA:93,1
DA:95,1
DA:97,1
DA:99,1
LF:34
LH:34
end_of_record
SF:lib\features\authentication\presentation\providers\auth_repository_providers.dart
DA:13,4
DA:14,2
DA:15,4
DA:17,4
DA:21,14
DA:22,4
DA:23,6
DA:24,2
DA:28,0
DA:29,0
LF:10
LH:8
end_of_record
SF:lib\shared\presentation\providers\dio_network_service_provider.dart
DA:14,4
DA:15,8
DA:16,8
DA:18,4
DA:20,12
DA:21,4
DA:22,4
DA:23,4
DA:29,16
DA:30,4
DA:31,4
LF:11
LH:11
end_of_record
SF:lib\services\service_providers.dart
DA:16,16
DA:17,4
DA:21,0
DA:22,0
DA:26,0
DA:27,0
DA:31,0
DA:32,0
DA:36,24
DA:37,6
DA:42,0
DA:43,0
LF:12
LH:4
end_of_record
SF:lib\services\feature_flags.dart
DA:5,0
DA:24,1
DA:26,1
DA:29,1
DA:31,2
DA:33,1
DA:35,2
DA:37,1
DA:39,2
DA:41,0
DA:43,0
DA:50,0
DA:52,0
DA:55,0
DA:57,0
DA:61,0
DA:63,0
DA:67,0
DA:69,0
DA:73,0
DA:75,0
LF:21
LH:8
end_of_record
SF:lib\services\network\auth_token_interceptor.dart
DA:12,4
DA:26,0
DA:32,0
DA:33,0
DA:34,0
DA:37,0
DA:39,0
DA:40,0
DA:43,0
DA:46,0
DA:48,0
DA:49,0
DA:52,0
DA:56,0
DA:57,0
DA:58,0
DA:61,0
DA:62,0
DA:64,0
DA:65,0
DA:66,0
DA:69,0
DA:72,0
DA:73,0
DA:74,0
DA:76,0
DA:77,0
DA:83,0
DA:84,0
DA:85,0
DA:87,0
DA:90,0
DA:94,0
DA:95,0
DA:96,0
DA:97,0
LF:36
LH:1
end_of_record
SF:lib\services\network\retry_interceptor.dart
DA:11,4
DA:29,0
DA:31,0
DA:33,0
DA:34,0
DA:36,0
DA:37,0
DA:39,0
DA:42,0
DA:43,0
DA:44,0
DA:45,0
DA:46,0
DA:49,0
DA:51,0
DA:54,0
DA:55,0
DA:56,0
DA:57,0
DA:61,0
DA:62,0
DA:63,0
DA:64,0
DA:67,0
DA:68,0
LF:25
LH:1
end_of_record
SF:lib\services\observability\analytics.dart
DA:5,0
DA:23,0
DA:26,0
DA:32,0
DA:35,0
DA:38,0
DA:41,0
DA:49,0
DA:51,0
DA:54,0
DA:59,0
DA:61,0
DA:65,0
DA:67,0
DA:69,0
DA:73,0
DA:75,0
DA:78,0
DA:80,0
DA:83,0
DA:85,0
LF:21
LH:0
end_of_record
SF:lib\services\observability\error_reporter.dart
DA:5,0
DA:27,0
DA:30,0
DA:38,0
DA:41,0
DA:44,0
DA:47,0
DA:55,0
DA:57,0
DA:60,0
DA:67,0
DA:69,0
DA:73,0
DA:75,0
DA:77,0
DA:81,0
DA:84,0
DA:87,0
DA:89,0
LF:19
LH:0
end_of_record
SF:lib\services\observability\performance.dart
DA:4,0
DA:26,0
DA:27,0
DA:29,0
DA:30,0
DA:32,0
DA:35,0
DA:37,0
DA:42,0
DA:44,0
DA:46,0
LF:11
LH:0
end_of_record
SF:lib\features\authentication\presentation\providers\auth_providers.dart
DA:5,9
LF:1
LH:1
end_of_record
SF:lib\features\authentication\presentation\providers\state\auth_notifier.dart
DA:10,3
DA:12,6
DA:13,9
DA:14,9
DA:19,2
DA:20,2
DA:21,4
DA:22,5
LF:8
LH:8
end_of_record
SF:lib\features\authentication\domain\use_cases\login_use_case.dart
DA:12,4
DA:18,3
DA:22,6
DA:23,3
DA:26,10
DA:29,6
DA:31,2
DA:32,2
LF:8
LH:8
end_of_record
SF:lib\services\user_cache_service\providers.dart
DA:16,12
DA:17,6
DA:18,6
DA:19,3
DA:22,15
DA:23,6
DA:24,3
LF:7
LH:7
end_of_record
SF:lib\services\user_cache_service\data\datasource\user_local_datasource.dart
DA:15,4
DA:22,1
DA:25,2
DA:28,2
DA:29,2
DA:30,1
DA:32,1
DA:33,1
DA:40,0
DA:41,0
DA:44,0
DA:50,2
DA:54,2
DA:55,4
DA:58,2
DA:59,0
DA:67,1
DA:70,2
DA:71,2
DA:78,1
DA:80,2
LF:21
LH:17
end_of_record
SF:lib\shared\data\local\shared_prefs_storage_service.dart
DA:12,4
DA:14,12
DA:17,1
DA:18,1
DA:20,1
DA:22,3
DA:23,2
DA:26,1
DA:28,3
DA:29,2
DA:32,1
DA:34,3
DA:35,2
DA:38,1
DA:40,3
DA:41,2
DA:44,1
DA:46,3
DA:47,3
DA:51,0
DA:52,0
DA:53,0
DA:55,0
DA:59,1
DA:60,2
DA:61,0
DA:65,0
DA:66,0
DA:67,0
LF:29
LH:21
end_of_record
SF:lib\services\user_cache_service\data\repositories\user_repository_impl.dart
DA:8,4
DA:12,1
DA:14,2
DA:17,2
DA:19,4
DA:22,2
DA:24,4
DA:27,1
DA:29,2
LF:9
LH:9
end_of_record
SF:lib\shared\presentation\providers\shared_preferences_storage_service_provider.dart
DA:4,12
DA:5,3
DA:6,3
LF:3
LH:3
end_of_record
SF:lib\core\database\database_provider.dart
DA:14,6
DA:15,0
DA:21,0
DA:22,0
DA:23,0
LF:5
LH:1
end_of_record
SF:lib\features\authentication\data\repositories\auth_repository_fake.dart
DA:14,1
DA:26,1
DA:28,2
DA:29,0
DA:31,1
DA:32,2
DA:34,1
DA:35,1
DA:36,1
LF:9
LH:8
end_of_record
SF:lib\features\authentication\presentation\screens\login_screen.dart
DA:10,1
DA:12,2
DA:13,2
DA:20,2
DA:22,4
DA:23,4
DA:24,2
DA:27,2
DA:30,6
DA:32,11
DA:36,1
DA:37,2
DA:38,5
DA:40,1
DA:42,0
DA:46,2
DA:47,2
DA:48,2
DA:49,2
DA:50,2
DA:51,4
DA:52,2
DA:55,2
DA:57,2
DA:58,1
DA:59,4
DA:60,1
DA:61,1
DA:62,3
DA:63,1
DA:64,2
DA:65,2
LF:32
LH:31
end_of_record
SF:lib\features\authentication\presentation\widgets\auth_field.dart
DA:4,2
DA:13,2
DA:15,2
DA:17,2
DA:18,2
DA:19,2
DA:20,2
DA:21,2
DA:22,2
LF:9
LH:9
end_of_record
SF:lib\features\dashboard\data\datasource\dashboard_local_datasource.dart
DA:12,2
DA:16,1
DA:20,3
DA:21,3
DA:22,1
DA:23,2
DA:24,2
DA:27,1
DA:29,0
DA:30,0
DA:31,0
DA:40,1
DA:42,5
DA:43,3
DA:45,0
DA:46,0
DA:47,0
DA:56,1
DA:58,5
DA:61,0
DA:62,0
DA:63,0
DA:73,1
DA:74,1
DA:75,2
DA:76,2
DA:77,2
DA:78,2
DA:79,2
DA:80,2
DA:81,2
DA:82,2
DA:83,2
DA:84,2
DA:88,2
DA:89,1
DA:90,1
DA:91,1
DA:92,1
DA:93,1
DA:94,1
DA:95,1
DA:96,1
DA:97,1
DA:98,1
LF:45
LH:36
end_of_record
SF:lib\features\dashboard\domain\models\product_model.dart
DA:24,8
LF:1
LH:1
end_of_record
SF:lib\features\dashboard\domain\models\product_model.g.dart
DA:9,8
DA:10,7
DA:11,4
DA:12,4
DA:13,4
DA:14,4
DA:15,4
DA:16,7
DA:17,7
DA:18,7
DA:19,7
DA:21,13
DA:25,2
DA:26,1
DA:27,1
DA:28,1
DA:29,1
DA:30,1
DA:31,1
DA:32,1
DA:33,1
DA:34,1
DA:35,1
DA:36,1
LF:24
LH:24
end_of_record
SF:lib\features\dashboard\data\datasource\dashboard_remote_datasource.dart
DA:20,2
DA:22,1
DA:26,2
DA:28,1
DA:31,4
DA:32,1
DA:34,1
DA:35,1
DA:42,1
DA:44,2
DA:46,1
DA:50,1
DA:55,2
DA:56,1
DA:57,1
DA:60,4
DA:61,1
DA:63,1
DA:64,1
DA:71,1
DA:73,2
DA:75,1
LF:22
LH:22
end_of_record
SF:lib\features\dashboard\data\repositories\dashboard_repository.dart
DA:9,1
DA:11,1
DA:15,2
DA:18,1
DA:23,2
LF:5
LH:5
end_of_record
SF:lib\shared\domain\models\paginated_response.dart
DA:13,4
DA:19,4
DA:23,4
DA:24,4
DA:25,4
DA:28,0
DA:30,0
LF:7
LH:5
end_of_record
SF:lib\shared\domain\models\parse_response.dart
DA:7,1
DA:13,1
DA:17,1
DA:18,2
DA:19,1
DA:20,1
DA:21,1
LF:7
LH:7
end_of_record
SF:lib\features\dashboard\presentation\providers\dashboard_providers.dart
DA:10,4
DA:13,3
DA:16,2
DA:17,1
DA:18,2
DA:24,7
DA:25,2
DA:26,3
DA:27,2
DA:28,1
LF:10
LH:10
end_of_record
SF:lib\features\dashboard\presentation\providers\dashboard_state_provider.dart
DA:5,2
DA:6,1
LF:2
LH:2
end_of_record
SF:lib\features\dashboard\presentation\providers\state\dashboard_notifier.dart
DA:14,1
DA:16,4
DA:20,3
DA:23,1
DA:24,1
DA:25,3
DA:26,9
DA:28,2
DA:30,1
DA:31,2
DA:35,3
DA:36,3
DA:37,3
DA:42,2
DA:43,1
DA:46,1
DA:47,1
DA:50,3
DA:52,1
DA:57,2
DA:61,1
DA:66,1
DA:69,1
DA:70,1
DA:71,3
DA:73,1
DA:76,1
DA:77,5
DA:78,3
DA:81,4
DA:83,3
DA:85,3
DA:88,1
DA:89,2
DA:90,1
DA:91,1
LF:36
LH:36
end_of_record
SF:lib\features\dashboard\presentation\providers\state\dashboard_state.dart
DA:22,2
DA:31,2
DA:40,2
DA:41,4
DA:42,4
DA:44,2
DA:52,2
DA:53,2
DA:54,2
DA:55,2
DA:56,2
DA:57,1
DA:58,1
DA:62,1
DA:64,9
DA:67,1
DA:68,6
LF:17
LH:17
end_of_record
SF:lib\features\dashboard\data\repositories\dashboard_drift_repository.dart
DA:18,1
DA:23,0
DA:27,0
DA:28,0
DA:29,0
DA:31,0
DA:33,0
DA:34,0
DA:36,0
DA:37,0
DA:38,0
DA:39,0
DA:45,0
DA:50,0
DA:53,0
DA:54,0
DA:57,0
DA:58,0
DA:59,0
DA:60,0
DA:61,0
DA:65,0
DA:66,0
DA:67,0
DA:68,0
DA:69,0
DA:70,0
DA:71,0
DA:76,0
DA:82,0
DA:85,0
DA:88,0
DA:89,0
DA:90,0
DA:91,0
DA:92,0
LF:36
LH:1
end_of_record
SF:lib\routes\app_router.dart
DA:15,1
DA:19,1
DA:20,3
DA:21,2
DA:23,2
DA:30,3
DA:31,1
DA:33,0
DA:36,1
DA:38,1
DA:40,1
DA:42,0
DA:48,0
DA:51,0
LF:14
LH:10
end_of_record
SF:lib\services\user_cache_service\presentation\providers\current_user_provider.dart
DA:8,0
DA:10,0
DA:15,0
DA:22,3
DA:23,0
DA:24,0
DA:25,0
LF:7
LH:1
end_of_record
SF:lib\features\dashboard\presentation\screens\dashboard_screen.dart
DA:12,1
DA:14,0
DA:15,0
DA:24,0
DA:26,0
DA:27,0
DA:28,0
DA:31,0
DA:33,0
DA:34,0
DA:35,0
DA:36,0
DA:39,0
DA:40,0
DA:41,0
DA:42,0
DA:43,0
DA:45,0
DA:50,0
DA:51,0
DA:52,0
DA:55,0
DA:57,0
DA:59,0
DA:63,0
DA:64,0
DA:65,0
DA:67,0
DA:71,0
DA:72,0
DA:73,0
DA:74,0
DA:75,0
DA:76,0
DA:78,0
DA:79,0
DA:81,0
DA:82,0
DA:83,0
DA:86,0
DA:87,0
DA:88,0
DA:92,0
DA:93,0
DA:96,0
DA:97,0
DA:98,0
DA:99,0
DA:100,0
DA:101,0
DA:104,0
DA:105,0
DA:106,0
DA:108,0
DA:110,0
DA:114,0
DA:115,0
DA:116,0
DA:120,0
DA:121,0
DA:122,0
DA:123,0
DA:126,0
DA:127,0
DA:132,0
DA:133,0
DA:134,0
DA:135,0
DA:136,0
DA:142,0
DA:153,0
DA:154,0
DA:155,0
DA:156,0
DA:163,0
DA:165,0
DA:167,0
DA:168,0
DA:169,0
DA:170,0
DA:171,0
LF:81
LH:1
end_of_record
SF:lib\features\dashboard\presentation\widgets\dashboard_drawer.dart
DA:6,1
DA:8,0
DA:10,0
DA:11,0
DA:13,0
DA:27,0
DA:29,0
DA:31,0
DA:34,0
DA:36,0
DA:38,0
LF:11
LH:1
end_of_record
SF:lib\features\splash\presentation\providers\splash_provider.dart
DA:4,0
DA:5,0
DA:6,0
LF:3
LH:0
end_of_record
SF:lib\features\splash\presentation\screens\splash_screen.dart
DA:8,1
DA:10,0
DA:11,0
DA:15,0
DA:17,0
DA:19,0
DA:21,0
DA:23,0
DA:27,0
LF:9
LH:1
end_of_record
